\BOOKMARK [1][-]{section.3}{\376\377\000I\000n\000t\000r\000o\000d\000u\000c\000t\000i\000o\000n}{}% 1
\BOOKMARK [1][-]{section.6}{\376\377\000C\000o\000m\000p\000u\000t\000a\000t\000i\000o\000n\000a\000l\000\040\000D\000e\000t\000a\000i\000l\000s}{}% 2
\BOOKMARK [2][-]{subsection.7}{\376\377\000D\000e\000n\000s\000i\000t\000y\000\040\000F\000u\000n\000c\000t\000i\000o\000n\000a\000l\000\040\000T\000h\000e\000o\000r\000y\000\040\000\050\000D\000F\000T\000\051\000\040\000M\000o\000d\000e\000l}{section.6}% 3
\BOOKMARK [2][-]{subsection.8}{\376\377\000C\000l\000u\000s\000t\000e\000r\000\040\000E\000x\000p\000a\000n\000s\000i\000o\000n\000\040\000\050\000C\000E\000\051\000\040\000F\000i\000t\000t\000i\000n\000g}{section.6}% 4
\BOOKMARK [2][-]{subsection.12}{\376\377\000G\000r\000a\000n\000d\000\040\000C\000a\000n\000o\000n\000i\000c\000a\000l\000\040\000M\000o\000n\000t\000e\000\040\000C\000a\000r\000l\000o\000\040\000\050\000G\000C\000M\000C\000\051\000\040\000S\000i\000m\000u\000l\000a\000t\000i\000o\000n\000s}{section.6}% 5
\BOOKMARK [1][-]{section.13}{\376\377\000C\000l\000u\000s\000t\000e\000r\000\040\000E\000x\000p\000a\000n\000s\000i\000o\000n\000\040\000R\000e\000s\000u\000l\000t\000s}{}% 6
\BOOKMARK [2][-]{subsection.14}{\376\377\000C\000o\000m\000p\000a\000r\000i\000s\000o\000n\000\040\000o\000f\000\040\000C\000O\000\040\000B\000i\000n\000d\000i\000n\000g\000\040\000S\000i\000t\000e\000s}{section.13}% 7
\BOOKMARK [2][-]{subsection.16}{\376\377\000C\000o\000n\000s\000t\000r\000u\000c\000t\000i\000o\000n\000\040\000o\000f\000\040\000C\000l\000u\000s\000t\000e\000r\000\040\000E\000x\000p\000a\000n\000s\000i\000o\000n\000s}{section.13}% 8
\BOOKMARK [3][-]{subsubsection.17}{\376\377\000F\000C\000C\000-\000o\000n\000l\000y\000\040\000M\000o\000d\000e\000l}{subsection.16}% 9
\BOOKMARK [3][-]{subsubsection.22}{\376\377\000F\000C\000C\000/\000H\000C\000P\000\040\000M\000o\000d\000e\000l}{subsection.16}% 10
\BOOKMARK [3][-]{subsubsection.24}{\376\377\000F\000C\000C\000/\000H\000C\000P\000/\000A\000t\000o\000p\000\040\000M\000o\000d\000e\000l}{subsection.16}% 11
\BOOKMARK [2][-]{subsection.26}{\376\377\000C\000o\000m\000p\000a\000r\000i\000s\000o\000n\000\040\000t\000o\000\040\000P\000r\000e\000v\000i\000o\000u\000s\000\040\000W\000o\000r\000k}{section.13}% 12
\BOOKMARK [1][-]{section.27}{\376\377\000C\000o\000v\000e\000r\000a\000g\000e\000-\000D\000e\000p\000e\000n\000d\000e\000n\000t\000\040\000B\000i\000n\000d\000i\000n\000g\000\040\000E\000n\000e\000r\000g\000i\000e\000s}{}% 13
\BOOKMARK [2][-]{subsection.28}{\376\377\000D\000e\000t\000e\000r\000m\000i\000n\000a\000t\000i\000o\000n\000\040\000o\000f\000\040\000l\000g\000\040\000b\000y\000\040\000G\000C\000M\000C}{section.27}% 14
\BOOKMARK [2][-]{subsection.33}{\376\377\000G\000C\000M\000C\000\040\000R\000e\000s\000u\000l\000t\000s}{section.27}% 15
\BOOKMARK [2][-]{subsection.35}{\376\377\000C\000o\000v\000e\000r\000a\000g\000e\000-\000D\000e\000p\000e\000n\000d\000e\000n\000t\000\040\000B\000i\000n\000d\000i\000n\000g\000\040\000E\000n\000e\000r\000g\000y\000\040\000M\000o\000d\000e\000l\000s}{section.27}% 16
\BOOKMARK [2][-]{subsection.38}{\376\377\000T\000e\000m\000p\000e\000r\000a\000t\000u\000r\000e\000\040\000P\000r\000o\000g\000r\000a\000m\000m\000e\000d\000\040\000D\000e\000s\000o\000r\000p\000t\000i\000o\000n\000\040\000\050\000T\000P\000D\000\051}{section.27}% 17
\BOOKMARK [1][-]{section.42}{\376\377\000C\000o\000n\000c\000l\000u\000s\000i\000o\000n\000s}{}% 18
\BOOKMARK [1][-]{Acknowledgment.1}{\376\377\000A\000c\000k\000n\000o\000w\000l\000e\000d\000g\000m\000e\000n\000t}{}% 19
\BOOKMARK [1][-]{section.45}{\376\377\000F\000C\000C\000\040\000H\000o\000l\000l\000o\000w\000\040\000S\000i\000t\000e\000\040\000C\000l\000u\000s\000t\000e\000r\000\040\000E\000x\000p\000a\000n\000s\000i\000o\000n}{}% 20
\BOOKMARK [1][-]{section.47}{\376\377\000F\000C\000C\000,\000\040\000a\000n\000d\000\040\000H\000C\000P\000\040\000H\000o\000l\000l\000o\000w\000\040\000S\000i\000t\000e\000\040\000M\000o\000d\000e\000l}{}% 21
\BOOKMARK [1][-]{section.49}{\376\377\000F\000C\000C\000,\000\040\000H\000C\000P\000\040\000H\000o\000l\000l\000o\000w\000,\000\040\000a\000n\000d\000\040\000A\000t\000o\000p\000\040\000S\000i\000t\000e\000\040\000M\000o\000d\000e\000l}{}% 22
\BOOKMARK [1][-]{section.51}{\376\377\000E\000n\000t\000r\000o\000p\000y\000\040\000T\000r\000e\000a\000t\000m\000e\000n\000t}{}% 23
\BOOKMARK [1][-]{section.58}{\376\377\000M\000o\000d\000e\000l\000\040\000C\000o\000m\000p\000a\000r\000i\000s\000o\000n}{}% 24
